[2024-02-01T13:46:46.005+0000] {processor.py:161} INFO - Started process (PID=16745) to work on /opt/airflow/dags/dummy_dag_1.py
[2024-02-01T13:46:46.024+0000] {processor.py:830} INFO - Processing file /opt/airflow/dags/dummy_dag_1.py for tasks to queue
[2024-02-01T13:46:46.052+0000] {logging_mixin.py:188} INFO - [2024-02-01T13:46:46.038+0000] {dagbag.py:538} INFO - Filling up the DagBag from /opt/airflow/dags/dummy_dag_1.py
[2024-02-01T13:46:46.442+0000] {processor.py:840} INFO - DAG(s) 'test_dag_1_dag' retrieved from /opt/airflow/dags/dummy_dag_1.py
[2024-02-01T13:46:47.752+0000] {logging_mixin.py:188} INFO - [2024-02-01T13:46:47.751+0000] {override.py:1769} INFO - Created Permission View: can read on DAG:test_dag_1_dag
[2024-02-01T13:46:47.812+0000] {logging_mixin.py:188} INFO - [2024-02-01T13:46:47.810+0000] {override.py:1769} INFO - Created Permission View: can edit on DAG:test_dag_1_dag
[2024-02-01T13:46:47.845+0000] {logging_mixin.py:188} INFO - [2024-02-01T13:46:47.845+0000] {override.py:1769} INFO - Created Permission View: can delete on DAG:test_dag_1_dag
[2024-02-01T13:46:47.848+0000] {logging_mixin.py:188} INFO - [2024-02-01T13:46:47.848+0000] {dag.py:3036} INFO - Sync 1 DAGs
[2024-02-01T13:46:47.974+0000] {logging_mixin.py:188} INFO - [2024-02-01T13:46:47.972+0000] {dag.py:3058} INFO - Creating ORM DAG for test_dag_1_dag
[2024-02-01T13:46:48.048+0000] {logging_mixin.py:188} INFO - [2024-02-01T13:46:48.047+0000] {dag.py:3823} INFO - Setting next_dagrun for test_dag_1_dag to 2024-02-01 13:46:00+00:00, run_after=2024-02-01 13:48:00+00:00
[2024-02-01T13:46:48.156+0000] {processor.py:183} INFO - Processing /opt/airflow/dags/dummy_dag_1.py took 2.203 seconds
[2024-02-01T13:47:18.513+0000] {processor.py:161} INFO - Started process (PID=16754) to work on /opt/airflow/dags/dummy_dag_1.py
[2024-02-01T13:47:18.523+0000] {processor.py:830} INFO - Processing file /opt/airflow/dags/dummy_dag_1.py for tasks to queue
[2024-02-01T13:47:18.526+0000] {logging_mixin.py:188} INFO - [2024-02-01T13:47:18.526+0000] {dagbag.py:538} INFO - Filling up the DagBag from /opt/airflow/dags/dummy_dag_1.py
[2024-02-01T13:47:18.605+0000] {processor.py:840} INFO - DAG(s) 'test_dag_1_dag' retrieved from /opt/airflow/dags/dummy_dag_1.py
[2024-02-01T13:47:19.640+0000] {logging_mixin.py:188} INFO - [2024-02-01T13:47:19.640+0000] {dag.py:3036} INFO - Sync 1 DAGs
[2024-02-01T13:47:19.823+0000] {logging_mixin.py:188} INFO - [2024-02-01T13:47:19.822+0000] {dag.py:3823} INFO - Setting next_dagrun for test_dag_1_dag to 2024-02-01 13:48:00+00:00, run_after=2024-02-01 13:50:00+00:00
[2024-02-01T13:47:20.008+0000] {processor.py:183} INFO - Processing /opt/airflow/dags/dummy_dag_1.py took 1.506 seconds
[2024-02-01T13:47:56.639+0000] {processor.py:161} INFO - Started process (PID=16764) to work on /opt/airflow/dags/dummy_dag_1.py
[2024-02-01T13:47:56.726+0000] {processor.py:830} INFO - Processing file /opt/airflow/dags/dummy_dag_1.py for tasks to queue
[2024-02-01T13:47:57.079+0000] {logging_mixin.py:188} INFO - [2024-02-01T13:47:57.066+0000] {dagbag.py:538} INFO - Filling up the DagBag from /opt/airflow/dags/dummy_dag_1.py
[2024-02-01T13:48:00.313+0000] {processor.py:840} INFO - DAG(s) 'test_dag_1_dag' retrieved from /opt/airflow/dags/dummy_dag_1.py
[2024-02-01T13:48:16.076+0000] {logging_mixin.py:188} INFO - [2024-02-01T13:48:16.048+0000] {dag.py:3036} INFO - Sync 1 DAGs
[2024-02-01T13:48:17.228+0000] {logging_mixin.py:188} INFO - [2024-02-01T13:48:17.227+0000] {dag.py:3823} INFO - Setting next_dagrun for test_dag_1_dag to 2024-02-01 13:48:00+00:00, run_after=2024-02-01 13:50:00+00:00
[2024-02-01T13:48:17.707+0000] {processor.py:183} INFO - Processing /opt/airflow/dags/dummy_dag_1.py took 21.506 seconds
[2024-02-01T13:48:48.702+0000] {processor.py:161} INFO - Started process (PID=16780) to work on /opt/airflow/dags/dummy_dag_1.py
[2024-02-01T13:48:48.706+0000] {processor.py:830} INFO - Processing file /opt/airflow/dags/dummy_dag_1.py for tasks to queue
[2024-02-01T13:48:48.734+0000] {logging_mixin.py:188} INFO - [2024-02-01T13:48:48.731+0000] {dagbag.py:538} INFO - Filling up the DagBag from /opt/airflow/dags/dummy_dag_1.py
[2024-02-01T13:48:48.956+0000] {processor.py:840} INFO - DAG(s) 'test_dag_1_dag' retrieved from /opt/airflow/dags/dummy_dag_1.py
[2024-02-01T13:48:49.491+0000] {logging_mixin.py:188} INFO - [2024-02-01T13:48:49.491+0000] {dag.py:3036} INFO - Sync 1 DAGs
[2024-02-01T13:48:49.572+0000] {logging_mixin.py:188} INFO - [2024-02-01T13:48:49.572+0000] {dag.py:3823} INFO - Setting next_dagrun for test_dag_1_dag to 2024-02-01 13:48:00+00:00, run_after=2024-02-01 13:50:00+00:00
[2024-02-01T13:48:49.691+0000] {processor.py:183} INFO - Processing /opt/airflow/dags/dummy_dag_1.py took 1.020 seconds
[2024-02-01T13:49:20.472+0000] {processor.py:161} INFO - Started process (PID=16788) to work on /opt/airflow/dags/dummy_dag_1.py
[2024-02-01T13:49:20.486+0000] {processor.py:830} INFO - Processing file /opt/airflow/dags/dummy_dag_1.py for tasks to queue
[2024-02-01T13:49:20.496+0000] {logging_mixin.py:188} INFO - [2024-02-01T13:49:20.494+0000] {dagbag.py:538} INFO - Filling up the DagBag from /opt/airflow/dags/dummy_dag_1.py
[2024-02-01T13:49:20.778+0000] {processor.py:840} INFO - DAG(s) 'test_dag_1_dag' retrieved from /opt/airflow/dags/dummy_dag_1.py
[2024-02-01T13:49:21.516+0000] {logging_mixin.py:188} INFO - [2024-02-01T13:49:21.515+0000] {dag.py:3036} INFO - Sync 1 DAGs
[2024-02-01T13:49:21.573+0000] {logging_mixin.py:188} INFO - [2024-02-01T13:49:21.573+0000] {dag.py:3823} INFO - Setting next_dagrun for test_dag_1_dag to 2024-02-01 13:50:00+00:00, run_after=2024-02-01 13:52:00+00:00
[2024-02-01T13:49:21.627+0000] {processor.py:183} INFO - Processing /opt/airflow/dags/dummy_dag_1.py took 1.221 seconds
